2026-01-06 17:01:33,972 - data_fetcher - ERROR - Error en el login: HTTPSConnectionPool(host='moplan.esk.es', port=8082): Max retries exceeded with url: /login (Caused by SSLError(SSLCertVerificationError(1, '[SSL: CERTIFICATE_VERIFY_FAILED] certificate verify failed: unable to get local issuer certificate (_ssl.c:1033)')))
2026-01-06 17:04:17,022 - data_fetcher - INFO - [2026-01-06 17:04:17.022007] Login exitoso. Token obtenido.
2026-01-06 17:04:17,162 - data_fetcher - ERROR - Error al obtener plantas: HTTPSConnectionPool(host='moplan.esk.es', port=8082): Max retries exceeded with url: /proc/p_manPlantas (Caused by SSLError(SSLCertVerificationError(1, '[SSL: CERTIFICATE_VERIFY_FAILED] certificate verify failed: unable to get local issuer certificate (_ssl.c:1033)')))
2026-01-06 17:15:58,895 - data_fetcher - INFO - [2026-01-06 17:15:58.895160] Login exitoso. Token obtenido.
2026-01-06 17:15:59,100 - data_fetcher - INFO - [2026-01-06 17:15:59.099970] Se han recuperado 462 registros de plantas.
2026-01-06 17:33:39,288 - data_fetcher - INFO - [2026-01-06 17:33:39.288592] Login exitoso. Token obtenido.
2026-01-06 17:33:39,455 - data_fetcher - INFO - [2026-01-06 17:33:39.455384] Se han recuperado 462 registros de destinos.
2026-01-06 17:33:39,498 - data_fetcher - INFO - [2026-01-06 17:33:39.498613] Se han recuperado 6 registros de cargaderos.
2026-01-06 17:33:39,556 - data_fetcher - INFO - [2026-01-06 17:33:39.556649] Se han recuperado 7 registros de planificaciones.
2026-01-06 17:45:44,406 - data_fetcher - INFO - [2026-01-06 17:45:44.406779] Login exitoso. Token obtenido.
2026-01-06 17:45:44,468 - data_fetcher - INFO - [2026-01-06 17:45:44.468570] Se han recuperado 6 registros de cargaderos.
2026-01-06 17:45:44,709 - data_fetcher - INFO - [2026-01-06 17:45:44.709434] Se han recuperado 462 registros de destinos.
2026-01-06 17:45:44,787 - data_fetcher - INFO - [2026-01-06 17:45:44.787478] Se han recuperado 7 registros de planificaciones.
2026-01-06 17:45:44,889 - database_manager - INFO - Éxito: Tabla 'maestro_origenes' actualizada con 6 registros.
2026-01-06 17:45:44,951 - database_manager - INFO - Éxito: Tabla 'maestro_destinos' actualizada con 462 registros.
2026-01-06 17:45:44,999 - database_manager - INFO - Éxito: Tabla 'planificaciones' actualizada con 7 registros.
2026-01-06 17:45:45,000 - main_interfaz_datos - INFO - Todos los datos se han integrado y almacenado correctamente.
2026-01-07 10:59:28,313 - process_manager - ERROR - Error al leer datos de la base de datos: (sqlite3.OperationalError) no such column: cod_pedido
[SQL: SELECT * FROM planificaciones WHERE cod_pedido = '2800759255040']
(Background on this error at: https://sqlalche.me/e/20/e3q8)
2026-01-07 11:00:06,743 - process_manager - INFO - Procesando rutas para cod_pedido: 2800759255040 con 1 registros.
2026-01-07 11:11:46,330 - process_manager - WARNING - No se encontraron datos para el pedido: 2800759255040
2026-01-07 11:17:42,635 - process_manager - INFO - Procesando rutas para cod_pedido: 2800759255040 con 1 registros.
2026-01-07 11:18:13,126 - process_manager - INFO - Procesando rutas para cod_pedido: 2800759255040 con 1 registros.
2026-01-07 11:24:09,472 - process_manager - INFO - Procesando rutas para cod_pedido: 2800759255040 con 1 registros.
2026-01-07 11:45:17,509 - process_manager - INFO - Procesando rutas para cod_pedido: 2800759255040 con 1 registros.
2026-01-07 11:47:51,666 - process_manager - INFO - Procesando rutas para cod_pedido: 2800759255040 con 1 registros.
2026-01-07 11:47:51,683 - database_manager - INFO - Tabla de caché creada correctamente.
2026-01-07 11:47:51,692 - route_provider - INFO - >>> Ruta no encontrada. Consultando OSRM...
2026-01-07 11:47:52,045 - route_provider - INFO - >>> Ruta guardada en la CACHÉ local.
2026-01-07 11:56:33,115 - process_manager - INFO - Procesando rutas para cod_pedido: 2800759255040 con 1 registros.
2026-01-07 11:56:33,119 - database_manager - INFO - Tabla de caché creada correctamente.
2026-01-07 11:56:33,123 - route_provider - INFO - >>> Ruta recuperada de la CACHÉ local.
2026-01-07 12:08:11,784 - dash.dash - INFO - Dash is running on http://0.0.0.0:8040/

2026-01-07 12:37:28,016 - dash.dash - INFO - Dash is running on http://0.0.0.0:8040/

2026-01-07 12:38:01,203 - app - INFO - No se ha seleccionado ningún pedido.
2026-01-07 12:38:20,489 - process_manager - INFO - Procesando rutas para cod_pedido: 2800759255040 con 1 registros.
2026-01-07 12:38:20,494 - database_manager - INFO - Tabla de caché creada correctamente.
2026-01-07 12:38:20,497 - route_provider - INFO - >>> Ruta recuperada de la CACHÉ local.
2026-01-07 12:41:58,499 - dash.dash - INFO - Dash is running on http://0.0.0.0:8040/

2026-01-07 12:42:09,548 - app - INFO - No se ha seleccionado ningún pedido.
2026-01-07 12:42:12,034 - process_manager - INFO - Procesando rutas para cod_pedido: 2800759255040 con 1 registros.
2026-01-07 12:42:12,035 - database_manager - INFO - Tabla de caché creada correctamente.
2026-01-07 12:42:12,037 - route_provider - INFO - >>> Ruta recuperada de la CACHÉ local.
2026-01-07 12:43:09,775 - dash.dash - INFO - Dash is running on http://0.0.0.0:8040/

2026-01-07 12:43:11,833 - app - INFO - No se ha seleccionado ningún pedido.
2026-01-07 12:43:13,909 - process_manager - INFO - Procesando rutas para cod_pedido: 2800759255040 con 1 registros.
2026-01-07 12:43:13,911 - database_manager - INFO - Tabla de caché creada correctamente.
2026-01-07 12:43:13,913 - route_provider - INFO - >>> Ruta recuperada de la CACHÉ local.
2026-01-07 12:48:04,285 - dash.dash - INFO - Dash is running on http://0.0.0.0:8040/

2026-01-07 12:48:23,383 - app - INFO - No se ha seleccionado ningún pedido.
2026-01-07 12:48:28,864 - process_manager - INFO - Procesando rutas para cod_pedido: 2800759255040 con 1 registros.
2026-01-07 12:48:28,866 - database_manager - INFO - Tabla de caché creada correctamente.
2026-01-07 12:48:28,869 - route_provider - INFO - >>> Ruta recuperada de la CACHÉ local.
2026-01-07 12:48:28,875 - app - INFO - Tipo de geometría: <class 'dict'>
2026-01-07 12:56:22,405 - dash.dash - INFO - Dash is running on http://0.0.0.0:8040/

2026-01-07 12:56:25,099 - app - INFO - No se ha seleccionado ningún pedido.
2026-01-07 12:56:26,735 - process_manager - INFO - Procesando rutas para cod_pedido: 2800759255040 con 1 registros.
2026-01-07 12:56:26,737 - database_manager - INFO - Tabla de caché creada correctamente.
2026-01-07 12:56:26,738 - route_provider - INFO - >>> Ruta recuperada de la CACHÉ local.
2026-01-07 12:56:26,741 - app - INFO - Tipo de geometría: <class 'dict'>
2026-01-07 12:56:44,543 - process_manager - INFO - Procesando rutas para cod_pedido: 2800759277070 con 1 registros.
2026-01-07 12:56:44,544 - database_manager - INFO - Tabla de caché creada correctamente.
2026-01-07 12:56:44,552 - route_provider - INFO - >>> Ruta no encontrada. Consultando OSRM...
2026-01-07 12:56:44,751 - route_provider - INFO - >>> Ruta guardada en la CACHÉ local.
2026-01-07 12:56:44,752 - app - INFO - Tipo de geometría: <class 'dict'>
2026-01-07 12:56:51,096 - process_manager - INFO - Procesando rutas para cod_pedido: 2800759282070 con 1 registros.
2026-01-07 12:56:51,097 - database_manager - INFO - Tabla de caché creada correctamente.
2026-01-07 12:56:51,098 - route_provider - INFO - >>> Ruta recuperada de la CACHÉ local.
2026-01-07 12:56:51,100 - app - INFO - Tipo de geometría: <class 'dict'>
2026-01-07 12:56:57,043 - process_manager - INFO - Procesando rutas para cod_pedido: 2800759326020 con 1 registros.
2026-01-07 12:56:57,044 - database_manager - INFO - Tabla de caché creada correctamente.
2026-01-07 12:56:57,046 - route_provider - INFO - >>> Ruta no encontrada. Consultando OSRM...
2026-01-07 12:56:57,168 - route_provider - INFO - >>> Ruta guardada en la CACHÉ local.
2026-01-07 12:56:57,169 - app - INFO - Tipo de geometría: <class 'dict'>
2026-01-07 12:57:13,556 - process_manager - INFO - Procesando rutas para cod_pedido: 2800759255040 con 1 registros.
2026-01-07 12:57:13,557 - database_manager - INFO - Tabla de caché creada correctamente.
2026-01-07 12:57:13,558 - route_provider - INFO - >>> Ruta recuperada de la CACHÉ local.
2026-01-07 12:57:13,565 - app - INFO - Tipo de geometría: <class 'dict'>
2026-01-07 13:46:27,277 - dash.dash - INFO - Dash is running on http://0.0.0.0:8040/

2026-01-07 13:46:42,699 - app - INFO - No se ha seleccionado ningún pedido.
2026-01-07 13:46:44,981 - process_manager - INFO - Procesando rutas para cod_pedido: 2800759255040 con 1 registros.
2026-01-07 13:46:44,984 - database_manager - INFO - Tabla de caché creada correctamente.
2026-01-07 13:46:44,988 - route_provider - INFO - >>> Ruta recuperada de la CACHÉ local.
2026-01-07 13:46:44,990 - app - INFO - Tipo de geometría: <class 'dict'>
2026-01-07 13:47:12,268 - app - INFO - No se ha seleccionado ningún pedido.
2026-01-07 13:47:14,674 - process_manager - INFO - Procesando rutas para cod_pedido: 2800759275070 con 1 registros.
2026-01-07 13:47:14,675 - database_manager - INFO - Tabla de caché creada correctamente.
2026-01-07 13:47:14,677 - route_provider - INFO - >>> Ruta recuperada de la CACHÉ local.
2026-01-07 13:47:14,679 - app - INFO - Tipo de geometría: <class 'dict'>
2026-01-07 13:47:26,602 - process_manager - INFO - Procesando rutas para cod_pedido: 2800759255040 con 1 registros.
2026-01-07 13:47:26,603 - database_manager - INFO - Tabla de caché creada correctamente.
2026-01-07 13:47:26,605 - route_provider - INFO - >>> Ruta recuperada de la CACHÉ local.
2026-01-07 13:47:26,607 - app - INFO - Tipo de geometría: <class 'dict'>
2026-01-07 13:47:33,303 - process_manager - INFO - Procesando rutas para cod_pedido: 2800759282070 con 1 registros.
2026-01-07 13:47:33,304 - database_manager - INFO - Tabla de caché creada correctamente.
2026-01-07 13:47:33,306 - route_provider - INFO - >>> Ruta recuperada de la CACHÉ local.
2026-01-07 13:47:33,307 - app - INFO - Tipo de geometría: <class 'dict'>
2026-01-07 13:47:37,974 - process_manager - INFO - Procesando rutas para cod_pedido: 2800759304160 con 1 registros.
2026-01-07 13:47:37,975 - database_manager - INFO - Tabla de caché creada correctamente.
2026-01-07 13:47:37,988 - route_provider - INFO - >>> Ruta no encontrada. Consultando OSRM...
2026-01-07 13:47:38,588 - route_provider - INFO - >>> Ruta guardada en la CACHÉ local.
2026-01-07 13:47:38,590 - app - INFO - Tipo de geometría: <class 'dict'>
2026-01-07 13:58:39,021 - dash.dash - INFO - Dash is running on http://0.0.0.0:8040/

2026-01-07 13:58:50,355 - app - INFO - No se ha seleccionado ningún pedido.
2026-01-07 13:58:54,687 - app - INFO - No se ha seleccionado ningún pedido.
